Using pre-set license
Built from '2021.2/staging' branch; Version is '2021.2.0b12 (8137c0cefaf0) revision 8468416'; Using compiler version '192829333'; Build Type 'Release'
OS: 'Windows 10 Home; OS build 22000.194; Version 2009; 64bit' Language: 'pl' Physical Memory: 32627 MB
BatchMode: 1, IsHumanControllingUs: 0, StartBugReporterOnCrash: 0, Is64bit: 1, IsPro: 0

COMMAND LINE ARGUMENTS:
C:\Program Files\Unity\Hub\Editor\2021.2.0b12\Editor\Unity.exe
-adb2
-batchMode
-noUpm
-name
AssetImportWorker0
-projectPath
C:/Users/bajti/Unity Projects/Unstable
-logFile
Logs/AssetImportWorker0.log
-srvPort
57511
Successfully changed project path to: C:/Users/bajti/Unity Projects/Unstable
C:/Users/bajti/Unity Projects/Unstable
[UnityMemory] Configuration Parameters - Can be set up in boot.config
    "memorysetup-bucket-allocator-granularity=16"
    "memorysetup-bucket-allocator-bucket-count=8"
    "memorysetup-bucket-allocator-block-size=33554432"
    "memorysetup-bucket-allocator-block-count=8"
    "memorysetup-main-allocator-block-size=16777216"
    "memorysetup-thread-allocator-block-size=16777216"
    "memorysetup-gfx-main-allocator-block-size=16777216"
    "memorysetup-gfx-thread-allocator-block-size=16777216"
    "memorysetup-cache-allocator-block-size=4194304"
    "memorysetup-typetree-allocator-block-size=2097152"
    "memorysetup-profiler-bucket-allocator-granularity=16"
    "memorysetup-profiler-bucket-allocator-bucket-count=8"
    "memorysetup-profiler-bucket-allocator-block-size=33554432"
    "memorysetup-profiler-bucket-allocator-block-count=8"
    "memorysetup-profiler-allocator-block-size=16777216"
    "memorysetup-profiler-editor-allocator-block-size=1048576"
    "memorysetup-temp-allocator-size-main=16777216"
    "memorysetup-job-temp-allocator-block-size=2097152"
    "memorysetup-job-temp-allocator-block-size-background=1048576"
    "memorysetup-job-temp-allocator-reduction-small-platforms=262144"
    "memorysetup-temp-allocator-size-background-worker=32768"
    "memorysetup-temp-allocator-size-job-worker=262144"
    "memorysetup-temp-allocator-size-preload-manager=33554432"
    "memorysetup-temp-allocator-size-nav-mesh-worker=65536"
    "memorysetup-temp-allocator-size-audio-worker=65536"
    "memorysetup-temp-allocator-size-cloud-worker=32768"
    "memorysetup-temp-allocator-size-gi-baking-worker=262144"
    "memorysetup-temp-allocator-size-gfx=262144"
Refreshing native plugins compatible for Editor in 78.03 ms, found 3 plugins.
Preloading 0 native plugins for Editor in 0.00 ms.
Initialize engine version: 2021.2.0b12 (8137c0cefaf0)
[Subsystems] Discovering subsystems at path C:/Program Files/Unity/Hub/Editor/2021.2.0b12/Editor/Data/Resources/UnitySubsystems
[Subsystems] Discovering subsystems at path C:/Users/bajti/Unity Projects/Unstable/Assets
GfxDevice: creating device client; threaded=0; jobified=0
Direct3D:
    Version:  Direct3D 11.0 [level 11.1]
    Renderer: NVIDIA GeForce RTX 2070 (ID=0x1f02)
    Vendor:   NVIDIA
    VRAM:     8031 MB
    Driver:   30.0.14.7212
Initialize mono
Mono path[0] = 'C:/Program Files/Unity/Hub/Editor/2021.2.0b12/Editor/Data/Managed'
Mono path[1] = 'C:/Program Files/Unity/Hub/Editor/2021.2.0b12/Editor/Data/MonoBleedingEdge/lib/mono/unityjit-win32'
Mono config path = 'C:/Program Files/Unity/Hub/Editor/2021.2.0b12/Editor/Data/MonoBleedingEdge/etc'
Using monoOptions --debugger-agent=transport=dt_socket,embedding=1,server=y,suspend=n,address=127.0.0.1:56720
Begin MonoManager ReloadAssembly
Registering precompiled unity dll's ...
Register platform support module: C:/Program Files/Unity/Hub/Editor/2021.2.0b12/Editor/Data/PlaybackEngines/WebGLSupport/UnityEditor.WebGL.Extensions.dll
Register platform support module: C:/Program Files/Unity/Hub/Editor/2021.2.0b12/Editor/Data/PlaybackEngines/WindowsStandaloneSupport/UnityEditor.WindowsStandalone.Extensions.dll
Register platform support module: C:/Program Files/Unity/Hub/Editor/2021.2.0b12/Editor/Data/PlaybackEngines/LinuxStandaloneSupport/UnityEditor.LinuxStandalone.Extensions.dll
Registered in 0.006370 seconds.
Native extension for LinuxStandalone target not found
Native extension for WindowsStandalone target not found
Native extension for WebGL target not found
Refreshing native plugins compatible for Editor in 85.68 ms, found 3 plugins.
Preloading 0 native plugins for Editor in 0.00 ms.
Mono: successfully reloaded assembly
- Completed reload, in  1.045 seconds
Domain Reload Profiling:
	ReloadAssembly (1078ms)
		BeginReloadAssembly (77ms)
			ExecutionOrderSort (0ms)
			DisableScriptedObjects (0ms)
			BackupInstance (0ms)
			ReleaseScriptingObjects (0ms)
			CreateAndSetChildDomain (1ms)
		EndReloadAssembly (606ms)
			LoadAssemblies (76ms)
			RebuildTransferFunctionScriptingTraits (0ms)
			SetupTypeCache (209ms)
			ReleaseScriptCaches (0ms)
			RebuildScriptCaches (32ms)
			SetupLoadedEditorAssemblies (277ms)
				LogAssemblyErrors (0ms)
				InitializePlatformSupportModulesInManaged (10ms)
				SetLoadedEditorAssemblies (0ms)
				RefreshPlugins (86ms)
				BeforeProcessingInitializeOnLoad (2ms)
				ProcessInitializeOnLoadAttributes (127ms)
				ProcessInitializeOnLoadMethodAttributes (52ms)
				AfterProcessingInitializeOnLoad (0ms)
				EditorAssembliesLoaded (0ms)
			ExecutionOrderSort2 (0ms)
			AwakeInstancesAfterBackupRestoration (0ms)
Platform modules already initialized, skipping
Registering precompiled user dll's ...
Registered in 0.002904 seconds.
Begin MonoManager ReloadAssembly
Symbol file LoadedFromMemory doesn't match image C:\Users\bajti\Unity Projects\Unstable\Library\PackageCache\com.unity.visualscripting@1.7.2\Editor\VisualScripting.Core\Dependencies\YamlDotNet\Unity.VisualScripting.YamlDotNet.dll
Symbol file LoadedFromMemory doesn't match image C:\Users\bajti\Unity Projects\Unstable\Library\PackageCache\com.unity.visualscripting@1.7.2\Editor\VisualScripting.Core\Dependencies\DotNetZip\Unity.VisualScripting.IonicZip.dll
Native extension for LinuxStandalone target not found
Native extension for WindowsStandalone target not found
Native extension for WebGL target not found
Refreshing native plugins compatible for Editor in 1.77 ms, found 3 plugins.
Preloading 0 native plugins for Editor in 0.00 ms.
Mono: successfully reloaded assembly
- Completed reload, in  1.378 seconds
Domain Reload Profiling:
	ReloadAssembly (1435ms)
		BeginReloadAssembly (179ms)
			ExecutionOrderSort (0ms)
			DisableScriptedObjects (6ms)
			BackupInstance (0ms)
			ReleaseScriptingObjects (0ms)
			CreateAndSetChildDomain (28ms)
		EndReloadAssembly (1165ms)
			LoadAssemblies (75ms)
			RebuildTransferFunctionScriptingTraits (0ms)
			SetupTypeCache (396ms)
			ReleaseScriptCaches (1ms)
			RebuildScriptCaches (54ms)
			SetupLoadedEditorAssemblies (457ms)
				LogAssemblyErrors (0ms)
				InitializePlatformSupportModulesInManaged (21ms)
				SetLoadedEditorAssemblies (1ms)
				RefreshPlugins (2ms)
				BeforeProcessingInitializeOnLoad (80ms)
				ProcessInitializeOnLoadAttributes (326ms)
				ProcessInitializeOnLoadMethodAttributes (21ms)
				AfterProcessingInitializeOnLoad (6ms)
				EditorAssembliesLoaded (0ms)
			ExecutionOrderSort2 (0ms)
			AwakeInstancesAfterBackupRestoration (6ms)
Platform modules already initialized, skipping
========================================================================
Worker process is ready to serve import requests
Launched and connected shader compiler UnityShaderCompiler.exe after 0.07 seconds
Refreshing native plugins compatible for Editor in 2.03 ms, found 3 plugins.
Preloading 0 native plugins for Editor in 0.00 ms.
Unloading 3358 Unused Serialized files (Serialized files now loaded: 0)
Unloading 46 unused Assets / (1.4 MB). Loaded Objects now: 3809.
Memory consumption went from 132.0 MB to 130.6 MB.
Total: 5.073500 ms (FindLiveObjects: 0.447900 ms CreateObjectMapping: 0.437500 ms MarkObjects: 2.594400 ms  DeleteObjects: 1.592500 ms)

AssetImportParameters requested are different than current active one (requested -> active):
  custom:framework-win-MediaFoundation: 216162199b28c13a410421893ffa2e32 -> 
  custom:video-decoder-ogg-theora: a1e56fd34408186e4bbccfd4996cb3dc -> 
  custom:container-muxer-webm: aa71ff27fc2769a1b78a27578f13a17b -> 
  custom:container-demuxer-webm: 4f35f7cbe854078d1ac9338744f61a02 -> 
  custom:video-encoder-webm-vp8: eb34c28f22e8b96e1ab97ce403110664 -> 
  custom:container-demuxer-ogg: 62fdf1f143b41e24485cea50d1cbac27 -> 
  custom:audio-decoder-ogg-vorbis: bf7c407c2cedff20999df2af8eb42d56 -> 
  custom:video-decoder-webm-vp8: 9c59270c3fd7afecdb556c50c9e8de78 -> 
  custom:audio-encoder-webm-vorbis: bf7c407c2cedff20999df2af8eb42d56 -> 
========================================================================
Received Import Request.
  Time since last request: 25884.044623 seconds.
  path: Assets/Roof 1.prefab
  artifactKey: Guid(fc73343e9cc004c4c8c33e45fbf0db71) Importer(815301076,1909f56bfc062723c751e8b465ee728b)
Start importing Assets/Roof 1.prefab using Guid(fc73343e9cc004c4c8c33e45fbf0db71) Importer(815301076,1909f56bfc062723c751e8b465ee728b) Tried select unknown importer for id '-2' '00000000000000000000000000000000'
 -> (artifact id: 'aa251feccbf5261e2321cf65eb93a4bf') in 0.182473 seconds 
========================================================================
Received Import Request.
  Time since last request: 0.000032 seconds.
  path: Assets/Roof 3.prefab
  artifactKey: Guid(54e49543f831f484b9edc9231d04fca0) Importer(815301076,1909f56bfc062723c751e8b465ee728b)
Start importing Assets/Roof 3.prefab using Guid(54e49543f831f484b9edc9231d04fca0) Importer(815301076,1909f56bfc062723c751e8b465ee728b)  -> (artifact id: '9669aa4b8269b2d08892b43a8df22ab4') in 0.020445 seconds 
========================================================================
Received Import Request.
  Time since last request: 0.000017 seconds.
  path: Assets/Roof 2.prefab
  artifactKey: Guid(9a202efacccde2d48875b200addd8af9) Importer(815301076,1909f56bfc062723c751e8b465ee728b)
Start importing Assets/Roof 2.prefab using Guid(9a202efacccde2d48875b200addd8af9) Importer(815301076,1909f56bfc062723c751e8b465ee728b) Tried select unknown importer for id '-2' '00000000000000000000000000000000'
 -> (artifact id: '8141f3b8230438dbb7c466c761ff5397') in 0.015693 seconds 
========================================================================
Received Import Request.
  Time since last request: 41.806461 seconds.
  path: Assets/Checkpoint Roof.prefab
  artifactKey: Guid(a6859ad0093feb5449ce6cb3593efed9) Importer(815301076,1909f56bfc062723c751e8b465ee728b)
Start importing Assets/Checkpoint Roof.prefab using Guid(a6859ad0093feb5449ce6cb3593efed9) Importer(815301076,1909f56bfc062723c751e8b465ee728b)  -> (artifact id: 'e19adad9fcd965961c7c76afd1c056a3') in 0.018565 seconds 
========================================================================
Received Import Request.
  Time since last request: 0.022115 seconds.
  path: Assets/Roof 1.prefab
  artifactKey: Guid(fc73343e9cc004c4c8c33e45fbf0db71) Importer(815301076,1909f56bfc062723c751e8b465ee728b)
Start importing Assets/Roof 1.prefab using Guid(fc73343e9cc004c4c8c33e45fbf0db71) Importer(815301076,1909f56bfc062723c751e8b465ee728b) Tried select unknown importer for id '-2' '00000000000000000000000000000000'
 -> (artifact id: '085ef76c0ea7b605c0e48b23498cfe18') in 0.030052 seconds 
========================================================================
Received Import Request.
  Time since last request: 1.321927 seconds.
  path: Assets/Roof 1.prefab
  artifactKey: Guid(fc73343e9cc004c4c8c33e45fbf0db71) Importer(815301076,1909f56bfc062723c751e8b465ee728b)
Start importing Assets/Roof 1.prefab using Guid(fc73343e9cc004c4c8c33e45fbf0db71) Importer(815301076,1909f56bfc062723c751e8b465ee728b) Tried select unknown importer for id '-2' '00000000000000000000000000000000'
 -> (artifact id: '2d3b09d6da5895a2fcbe6f8744bf47c9') in 0.021112 seconds 
========================================================================
Received Import Request.
  Time since last request: 3.989062 seconds.
  path: Assets/Prefabs
  artifactKey: Guid(7cc44f60a7f953e4f9106013208d6e6f) Importer(815301076,1909f56bfc062723c751e8b465ee728b)
Start importing Assets/Prefabs using Guid(7cc44f60a7f953e4f9106013208d6e6f) Importer(815301076,1909f56bfc062723c751e8b465ee728b)  -> (artifact id: 'b84787c1bc1c70f673167558d2294eac') in 0.009021 seconds 
========================================================================
Received Import Request.
  Time since last request: 16.366318 seconds.
  path: Assets/Prefabs/Roofs
  artifactKey: Guid(1e132d2fc23ec754e85df5c7a1245396) Importer(815301076,1909f56bfc062723c751e8b465ee728b)
Start importing Assets/Prefabs/Roofs using Guid(1e132d2fc23ec754e85df5c7a1245396) Importer(815301076,1909f56bfc062723c751e8b465ee728b)  -> (artifact id: 'e973450f1ba6861c8e3af5e3f0d8900c') in 0.007756 seconds 
========================================================================
Received Import Request.
  Time since last request: 9.180362 seconds.
  path: Assets/Prefabs/Rooftops
  artifactKey: Guid(6c48c5b49d47aa74aa894b2aa0a11491) Importer(815301076,1909f56bfc062723c751e8b465ee728b)
Start importing Assets/Prefabs/Rooftops using Guid(6c48c5b49d47aa74aa894b2aa0a11491) Importer(815301076,1909f56bfc062723c751e8b465ee728b)  -> (artifact id: '3a4a700b229de8b366e4b4e3afeb9a34') in 0.010222 seconds 
========================================================================
Received Import Request.
  Time since last request: 45.791114 seconds.
  path: Assets/Prefabs/Roofs/Roof 1.prefab
  artifactKey: Guid(fc73343e9cc004c4c8c33e45fbf0db71) Importer(815301076,1909f56bfc062723c751e8b465ee728b)
Start importing Assets/Prefabs/Roofs/Roof 1.prefab using Guid(fc73343e9cc004c4c8c33e45fbf0db71) Importer(815301076,1909f56bfc062723c751e8b465ee728b) Tried select unknown importer for id '-2' '00000000000000000000000000000000'
 -> (artifact id: '4be932037e3dfcc76be635bbd8c5c863') in 0.016506 seconds 
========================================================================
Received Import Request.
  Time since last request: 5.478764 seconds.
  path: Assets/Prefabs/Roofs/Roof 2.prefab
  artifactKey: Guid(9a202efacccde2d48875b200addd8af9) Importer(815301076,1909f56bfc062723c751e8b465ee728b)
Start importing Assets/Prefabs/Roofs/Roof 2.prefab using Guid(9a202efacccde2d48875b200addd8af9) Importer(815301076,1909f56bfc062723c751e8b465ee728b) Tried select unknown importer for id '-2' '00000000000000000000000000000000'
 -> (artifact id: '4e6505af250bec10fa4f556ab03cae9c') in 0.010801 seconds 
========================================================================
Received Import Request.
  Time since last request: 2.015302 seconds.
  path: Assets/Models/Checkpoint.blend
  artifactKey: Guid(a33353eea7ec01344ab656ee90208697) Importer(815301076,1909f56bfc062723c751e8b465ee728b)
Start importing Assets/Models/Checkpoint.blend using Guid(a33353eea7ec01344ab656ee90208697) Importer(815301076,1909f56bfc062723c751e8b465ee728b)  -> (artifact id: '38490f86d96a35c582ac10dbffcf6baf') in 0.078030 seconds 
========================================================================
Received Import Request.
  Time since last request: 1.450205 seconds.
  path: Assets/Prefabs/Roofs/Roof 2.prefab
  artifactKey: Guid(9a202efacccde2d48875b200addd8af9) Importer(815301076,1909f56bfc062723c751e8b465ee728b)
Start importing Assets/Prefabs/Roofs/Roof 2.prefab using Guid(9a202efacccde2d48875b200addd8af9) Importer(815301076,1909f56bfc062723c751e8b465ee728b) Tried select unknown importer for id '-2' '00000000000000000000000000000000'
 -> (artifact id: '66f0faa103b9da5c77233964314b6ee0') in 0.013224 seconds 
========================================================================
Received Import Request.
  Time since last request: 4.430148 seconds.
  path: Assets/Prefabs/Roofs/Roof 2.prefab
  artifactKey: Guid(9a202efacccde2d48875b200addd8af9) Importer(815301076,1909f56bfc062723c751e8b465ee728b)
Start importing Assets/Prefabs/Roofs/Roof 2.prefab using Guid(9a202efacccde2d48875b200addd8af9) Importer(815301076,1909f56bfc062723c751e8b465ee728b) Tried select unknown importer for id '-2' '00000000000000000000000000000000'
 -> (artifact id: '9f190f8e7714ac505edd40aceaf43c35') in 0.012838 seconds 
========================================================================
Received Import Request.
  Time since last request: 36.164122 seconds.
  path: Assets/Models/Buildings.blend
  artifactKey: Guid(26012ae43c5bca34cb18785b7ad08e5a) Importer(815301076,1909f56bfc062723c751e8b465ee728b)
Start importing Assets/Models/Buildings.blend using Guid(26012ae43c5bca34cb18785b7ad08e5a) Importer(815301076,1909f56bfc062723c751e8b465ee728b)  -> (artifact id: 'be39adf624ec4bde845d91fadf2aa023') in 0.136776 seconds 
========================================================================
Received Import Request.
  Time since last request: 0.000037 seconds.
  path: Assets/Models/Unicycle.blend
  artifactKey: Guid(9c8f4dc85a3e1154a954b474d26e7ed5) Importer(815301076,1909f56bfc062723c751e8b465ee728b)
Start importing Assets/Models/Unicycle.blend using Guid(9c8f4dc85a3e1154a954b474d26e7ed5) Importer(815301076,1909f56bfc062723c751e8b465ee728b)  -> (artifact id: '4a69e8cd93eacab38198e5872d6f3751') in 0.096724 seconds 
========================================================================
Received Import Request.
  Time since last request: 0.000055 seconds.
  path: Assets/Models/Checkpoint.blend
  artifactKey: Guid(a33353eea7ec01344ab656ee90208697) Importer(815301076,1909f56bfc062723c751e8b465ee728b)
Start importing Assets/Models/Checkpoint.blend using Guid(a33353eea7ec01344ab656ee90208697) Importer(815301076,1909f56bfc062723c751e8b465ee728b)  -> (artifact id: '05ed355040ee9737976b9aff9315ece6') in 0.040026 seconds 
========================================================================
Received Import Request.
  Time since last request: 0.000042 seconds.
  path: Assets/Models/Floor 4.prefab
  artifactKey: Guid(717d29dc91f823b46b285a6a97a527ee) Importer(815301076,1909f56bfc062723c751e8b465ee728b)
Start importing Assets/Models/Floor 4.prefab using Guid(717d29dc91f823b46b285a6a97a527ee) Importer(815301076,1909f56bfc062723c751e8b465ee728b)  -> (artifact id: 'cfa5a18db85d39a4a8ff03e4b4f82a0e') in 0.018637 seconds 
========================================================================
Received Import Request.
  Time since last request: 0.000020 seconds.
  path: Assets/Models/Floor 3.prefab
  artifactKey: Guid(0d82655dc000b8241bbcf61593cf2e79) Importer(815301076,1909f56bfc062723c751e8b465ee728b)
Start importing Assets/Models/Floor 3.prefab using Guid(0d82655dc000b8241bbcf61593cf2e79) Importer(815301076,1909f56bfc062723c751e8b465ee728b)  -> (artifact id: 'f1c7e86eb9c0cace79cf9ba6c13f7820') in 0.016538 seconds 
========================================================================
Received Import Request.
  Time since last request: 0.000027 seconds.
  path: Assets/Models/Floor 2.prefab
  artifactKey: Guid(d0e86fb586fa715449cf56039d6b6b89) Importer(815301076,1909f56bfc062723c751e8b465ee728b)
Start importing Assets/Models/Floor 2.prefab using Guid(d0e86fb586fa715449cf56039d6b6b89) Importer(815301076,1909f56bfc062723c751e8b465ee728b)  -> (artifact id: 'da4281a86ff07e2ebd6552aff4b34b98') in 0.014058 seconds 
========================================================================
Received Import Request.
  Time since last request: 0.000029 seconds.
  path: Assets/Models/Floor 1.prefab
  artifactKey: Guid(79dd936e193c4cc408df2f0f838a053b) Importer(815301076,1909f56bfc062723c751e8b465ee728b)
Start importing Assets/Models/Floor 1.prefab using Guid(79dd936e193c4cc408df2f0f838a053b) Importer(815301076,1909f56bfc062723c751e8b465ee728b)  -> (artifact id: '71da0de60a0f64d1af92316abc304bae') in 0.017076 seconds 
========================================================================
Received Import Request.
  Time since last request: 163.684007 seconds.
  path: Assets/pr
  artifactKey: Guid(f47a0ab907d3c2c4ab2080abd9aacbbd) Importer(815301076,1909f56bfc062723c751e8b465ee728b)
Start importing Assets/pr using Guid(f47a0ab907d3c2c4ab2080abd9aacbbd) Importer(815301076,1909f56bfc062723c751e8b465ee728b)  -> (artifact id: '30a13ea402ada1cb8cdcc19fd1476966') in 0.009029 seconds 
========================================================================
Received Import Request.
  Time since last request: 0.019641 seconds.
  path: Assets/pr/bckg.png
  artifactKey: Guid(a37ee06bbd053e74482b0f1013ef1ba2) Importer(815301076,1909f56bfc062723c751e8b465ee728b)
Start importing Assets/pr/bckg.png using Guid(a37ee06bbd053e74482b0f1013ef1ba2) Importer(815301076,1909f56bfc062723c751e8b465ee728b)  -> (artifact id: '53b3a89f6b7612df966c2e53a28b85a0') in 0.038328 seconds 
========================================================================
Received Import Request.
  Time since last request: 0.000044 seconds.
  path: Assets/pr/thmb.png
  artifactKey: Guid(aa90aea873de00f46986741021b96e3a) Importer(815301076,1909f56bfc062723c751e8b465ee728b)
Start importing Assets/pr/thmb.png using Guid(aa90aea873de00f46986741021b96e3a) Importer(815301076,1909f56bfc062723c751e8b465ee728b)  -> (artifact id: '4c05f7ae8966a24bf6f90cba1d437530') in 0.032791 seconds 
========================================================================
Received Import Request.
  Time since last request: 3.075308 seconds.
  path: Assets/PR
  artifactKey: Guid(f47a0ab907d3c2c4ab2080abd9aacbbd) Importer(815301076,1909f56bfc062723c751e8b465ee728b)
Start importing Assets/PR using Guid(f47a0ab907d3c2c4ab2080abd9aacbbd) Importer(815301076,1909f56bfc062723c751e8b465ee728b)  -> (artifact id: '3a779bef3a3e5b16322c6df5823afc03') in 0.007320 seconds 
========================================================================
Received Import Request.
  Time since last request: 5.625559 seconds.
  path: Assets/Prefabs/Roofs
  artifactKey: Guid(1e132d2fc23ec754e85df5c7a1245396) Importer(815301076,1909f56bfc062723c751e8b465ee728b)
Start importing Assets/Prefabs/Roofs using Guid(1e132d2fc23ec754e85df5c7a1245396) Importer(815301076,1909f56bfc062723c751e8b465ee728b)  -> (artifact id: 'ca5feccc23acbf166c03ea53d6293c8e') in 0.002174 seconds 
========================================================================
Received Import Request.
  Time since last request: 4.548894 seconds.
  path: Assets/Prefabs/Rooftops
  artifactKey: Guid(6c48c5b49d47aa74aa894b2aa0a11491) Importer(815301076,1909f56bfc062723c751e8b465ee728b)
Start importing Assets/Prefabs/Rooftops using Guid(6c48c5b49d47aa74aa894b2aa0a11491) Importer(815301076,1909f56bfc062723c751e8b465ee728b)  -> (artifact id: '8beb27959f414f87ac14eabbb30cd281') in 0.006798 seconds 
========================================================================
Received Import Request.
  Time since last request: 82.502839 seconds.
  path: Assets/Plank.cs
  artifactKey: Guid(45d1b4e5bd0256e4c81ffce0132207ab) Importer(815301076,1909f56bfc062723c751e8b465ee728b)
Start importing Assets/Plank.cs using Guid(45d1b4e5bd0256e4c81ffce0132207ab) Importer(815301076,1909f56bfc062723c751e8b465ee728b)  -> (artifact id: '221e48524a0a6abc80c69e2c996d9f58') in 0.019762 seconds 
========================================================================
Received Prepare
Registering precompiled user dll's ...
Registered in 0.002617 seconds.
Begin MonoManager ReloadAssembly
Symbol file LoadedFromMemory doesn't match image C:\Users\bajti\Unity Projects\Unstable\Library\PackageCache\com.unity.visualscripting@1.7.2\Editor\VisualScripting.Core\Dependencies\YamlDotNet\Unity.VisualScripting.YamlDotNet.dll
Symbol file LoadedFromMemory doesn't match image C:\Users\bajti\Unity Projects\Unstable\Library\PackageCache\com.unity.visualscripting@1.7.2\Editor\VisualScripting.Core\Dependencies\DotNetZip\Unity.VisualScripting.IonicZip.dll
Native extension for LinuxStandalone target not found
Native extension for WindowsStandalone target not found
Native extension for WebGL target not found
Refreshing native plugins compatible for Editor in 0.82 ms, found 3 plugins.
Preloading 0 native plugins for Editor in 0.00 ms.
Mono: successfully reloaded assembly
- Completed reload, in  1.204 seconds
Domain Reload Profiling:
	ReloadAssembly (1254ms)
		BeginReloadAssembly (136ms)
			ExecutionOrderSort (0ms)
			DisableScriptedObjects (5ms)
			BackupInstance (0ms)
			ReleaseScriptingObjects (0ms)
			CreateAndSetChildDomain (46ms)
		EndReloadAssembly (1027ms)
			LoadAssemblies (70ms)
			RebuildTransferFunctionScriptingTraits (0ms)
			SetupTypeCache (376ms)
			ReleaseScriptCaches (1ms)
			RebuildScriptCaches (35ms)
			SetupLoadedEditorAssemblies (383ms)
				LogAssemblyErrors (0ms)
				InitializePlatformSupportModulesInManaged (17ms)
				SetLoadedEditorAssemblies (0ms)
				RefreshPlugins (1ms)
				BeforeProcessingInitializeOnLoad (78ms)
				ProcessInitializeOnLoadAttributes (264ms)
				ProcessInitializeOnLoadMethodAttributes (17ms)
				AfterProcessingInitializeOnLoad (6ms)
				EditorAssembliesLoaded (0ms)
			ExecutionOrderSort2 (0ms)
			AwakeInstancesAfterBackupRestoration (10ms)
Platform modules already initialized, skipping
Refreshing native plugins compatible for Editor in 0.93 ms, found 3 plugins.
Preloading 0 native plugins for Editor in 0.00 ms.
Unloading 3312 Unused Serialized files (Serialized files now loaded: 0)
Unloading 29 unused Assets / (1.4 MB). Loaded Objects now: 3899.
Memory consumption went from 135.1 MB to 133.7 MB.
Total: 3.475000 ms (FindLiveObjects: 0.308600 ms CreateObjectMapping: 0.199100 ms MarkObjects: 2.708700 ms  DeleteObjects: 0.257000 ms)

AssetImportParameters requested are different than current active one (requested -> active):
  custom:framework-win-MediaFoundation: 216162199b28c13a410421893ffa2e32 -> 
  custom:video-decoder-ogg-theora: a1e56fd34408186e4bbccfd4996cb3dc -> 
  custom:container-muxer-webm: aa71ff27fc2769a1b78a27578f13a17b -> 
  custom:container-demuxer-webm: 4f35f7cbe854078d1ac9338744f61a02 -> 
  custom:video-encoder-webm-vp8: eb34c28f22e8b96e1ab97ce403110664 -> 
  custom:container-demuxer-ogg: 62fdf1f143b41e24485cea50d1cbac27 -> 
  custom:audio-decoder-ogg-vorbis: bf7c407c2cedff20999df2af8eb42d56 -> 
  custom:video-decoder-webm-vp8: 9c59270c3fd7afecdb556c50c9e8de78 -> 
  custom:audio-encoder-webm-vorbis: bf7c407c2cedff20999df2af8eb42d56 -> 
========================================================================
Received Import Request.
  Time since last request: 20.750024 seconds.
  path: Assets/Materials
  artifactKey: Guid(d05e2452622616b4bb261bdb2701c7ef) Importer(815301076,1909f56bfc062723c751e8b465ee728b)
Start importing Assets/Materials using Guid(d05e2452622616b4bb261bdb2701c7ef) Importer(815301076,1909f56bfc062723c751e8b465ee728b)  -> (artifact id: 'da723e6c8bec652e9da670bd34133122') in 0.013862 seconds 
========================================================================
Received Import Request.
  Time since last request: 17.133826 seconds.
  path: Assets/Audio
  artifactKey: Guid(faa384a08977dbe418516c24f85f1d8f) Importer(815301076,1909f56bfc062723c751e8b465ee728b)
Start importing Assets/Audio using Guid(faa384a08977dbe418516c24f85f1d8f) Importer(815301076,1909f56bfc062723c751e8b465ee728b)  -> (artifact id: '03e3dd5b6576de3fe1f805003631534c') in 0.007875 seconds 
========================================================================
Received Import Request.
  Time since last request: 22.197241 seconds.
  path: Assets/Technical Stuff
  artifactKey: Guid(f68691078ed6de748b4e3f17da7ddd70) Importer(815301076,1909f56bfc062723c751e8b465ee728b)
Start importing Assets/Technical Stuff using Guid(f68691078ed6de748b4e3f17da7ddd70) Importer(815301076,1909f56bfc062723c751e8b465ee728b)  -> (artifact id: 'ad9d5872a4f0a50f5c1ca1e8c29e0701') in 0.008016 seconds 
========================================================================
Received Prepare
Registering precompiled user dll's ...
Registered in 0.003200 seconds.
Begin MonoManager ReloadAssembly
Symbol file LoadedFromMemory doesn't match image C:\Users\bajti\Unity Projects\Unstable\Library\PackageCache\com.unity.visualscripting@1.7.2\Editor\VisualScripting.Core\Dependencies\YamlDotNet\Unity.VisualScripting.YamlDotNet.dll
Symbol file LoadedFromMemory doesn't match image C:\Users\bajti\Unity Projects\Unstable\Library\PackageCache\com.unity.visualscripting@1.7.2\Editor\VisualScripting.Core\Dependencies\DotNetZip\Unity.VisualScripting.IonicZip.dll
Native extension for LinuxStandalone target not found
Native extension for WindowsStandalone target not found
Native extension for WebGL target not found
Refreshing native plugins compatible for Editor in 0.68 ms, found 3 plugins.
Preloading 0 native plugins for Editor in 0.00 ms.
Mono: successfully reloaded assembly
- Completed reload, in  1.238 seconds
Domain Reload Profiling:
	ReloadAssembly (1291ms)
		BeginReloadAssembly (148ms)
			ExecutionOrderSort (0ms)
			DisableScriptedObjects (7ms)
			BackupInstance (0ms)
			ReleaseScriptingObjects (0ms)
			CreateAndSetChildDomain (51ms)
		EndReloadAssembly (1049ms)
			LoadAssemblies (82ms)
			RebuildTransferFunctionScriptingTraits (0ms)
			SetupTypeCache (388ms)
			ReleaseScriptCaches (1ms)
			RebuildScriptCaches (37ms)
			SetupLoadedEditorAssemblies (393ms)
				LogAssemblyErrors (0ms)
				InitializePlatformSupportModulesInManaged (17ms)
				SetLoadedEditorAssemblies (0ms)
				RefreshPlugins (1ms)
				BeforeProcessingInitializeOnLoad (63ms)
				ProcessInitializeOnLoadAttributes (283ms)
				ProcessInitializeOnLoadMethodAttributes (22ms)
				AfterProcessingInitializeOnLoad (6ms)
				EditorAssembliesLoaded (0ms)
			ExecutionOrderSort2 (0ms)
			AwakeInstancesAfterBackupRestoration (12ms)
Platform modules already initialized, skipping
Refreshing native plugins compatible for Editor in 0.65 ms, found 3 plugins.
Preloading 0 native plugins for Editor in 0.00 ms.
Unloading 3310 Unused Serialized files (Serialized files now loaded: 0)
Unloading 29 unused Assets / (1.4 MB). Loaded Objects now: 3913.
Memory consumption went from 135.0 MB to 133.6 MB.
Total: 4.149200 ms (FindLiveObjects: 0.309800 ms CreateObjectMapping: 0.231400 ms MarkObjects: 3.344800 ms  DeleteObjects: 0.262400 ms)

AssetImportParameters requested are different than current active one (requested -> active):
  custom:framework-win-MediaFoundation: 216162199b28c13a410421893ffa2e32 -> 
  custom:video-decoder-ogg-theora: a1e56fd34408186e4bbccfd4996cb3dc -> 
  custom:container-muxer-webm: aa71ff27fc2769a1b78a27578f13a17b -> 
  custom:container-demuxer-webm: 4f35f7cbe854078d1ac9338744f61a02 -> 
  custom:video-encoder-webm-vp8: eb34c28f22e8b96e1ab97ce403110664 -> 
  custom:container-demuxer-ogg: 62fdf1f143b41e24485cea50d1cbac27 -> 
  custom:audio-decoder-ogg-vorbis: bf7c407c2cedff20999df2af8eb42d56 -> 
  custom:video-decoder-webm-vp8: 9c59270c3fd7afecdb556c50c9e8de78 -> 
  custom:audio-encoder-webm-vorbis: bf7c407c2cedff20999df2af8eb42d56 -> 
